<?xml version="1.0" encoding="UTF-8"?>
<!-- Generated by org.testng.reporters.JUnitReportReporter -->
<testsuite skipped="0" hostname="DESKTOP-8DIH8K0" name="HomeDepot.SignUp.SignUp_test" tests="1" failures="0" timestamp="2020-01-29T20:58:54 EST" time="10.066" errors="0">
  <testcase name="f" time="10.066" classname="HomeDepot.SignUp.SignUp_test"/>
</testsuite> <!-- HomeDepot.SignUp.SignUp_test -->
